<?xml version="1.0" encoding="UTF-8"?>
<testsuite name="projecct.pyeonhang.PyeonhangApplicationTests" tests="1" skipped="0" failures="0" errors="0" timestamp="2025-11-03T01:58:05.664Z" hostname="FGH" time="0.374">
  <properties/>
  <testcase name="contextLoads()" classname="projecct.pyeonhang.PyeonhangApplicationTests" time="0.374"/>
  <system-out><![CDATA[10:57:59.590 [Test worker] INFO org.springframework.test.context.support.AnnotationConfigContextLoaderUtils -- Could not detect default configuration classes for test class [projecct.pyeonhang.PyeonhangApplicationTests]: PyeonhangApplicationTests does not declare any static, non-private, non-final, nested classes annotated with @Configuration.
10:57:59.731 [Test worker] INFO org.springframework.boot.test.context.SpringBootTestContextBootstrapper -- Found @SpringBootConfiguration projecct.pyeonhang.PyeonhangApplication for test class projecct.pyeonhang.PyeonhangApplicationTests

  .   ____          _            __ _ _
 /\\ / ___'_ __ _ _(_)_ __  __ _ \ \ \ \
( ( )\___ | '_ | '_| | '_ \/ _` | \ \ \ \
 \\/  ___)| |_)| | | | | || (_| |  ) ) ) )
  '  |____| .__|_| |_|_| |_\__, | / / / /
 =========|_|==============|___/=/_/_/_/

 :: Spring Boot ::                (v3.5.7)

2025-11-03T10:58:00.241+09:00  WARN 25104 --- [pyeonhang] [    Test worker] ory$DuplicateJsonObjectContextCustomizer : 

Found multiple occurrences of org.json.JSONObject on the class path:

	jar:file:/C:/Users/user01/.gradle/caches/modules-2/files-2.1/org.json/json/20250517/d67181bbd819ccceb929b580a4e2fcb0c8b17cd8/json-20250517.jar!/org/json/JSONObject.class
	jar:file:/C:/Users/user01/.gradle/caches/modules-2/files-2.1/com.vaadin.external.google/android-json/0.0.20131108.vaadin1/fa26d351fe62a6a17f5cda1287c1c6110dec413f/android-json-0.0.20131108.vaadin1.jar!/org/json/JSONObject.class

You may wish to exclude one of them to ensure predictable runtime behavior

2025-11-03T10:58:00.255+09:00  INFO 25104 --- [pyeonhang] [    Test worker] p.pyeonhang.PyeonhangApplicationTests    : Starting PyeonhangApplicationTests using Java 21.0.7 with PID 25104 (started by user01 in C:\pyeonhang)
2025-11-03T10:58:00.256+09:00  INFO 25104 --- [pyeonhang] [    Test worker] p.pyeonhang.PyeonhangApplicationTests    : No active profile set, falling back to 1 default profile: "default"
2025-11-03T10:58:01.149+09:00  INFO 25104 --- [pyeonhang] [    Test worker] .s.d.r.c.RepositoryConfigurationDelegate : Bootstrapping Spring Data JPA repositories in DEFAULT mode.
2025-11-03T10:58:01.209+09:00  INFO 25104 --- [pyeonhang] [    Test worker] .s.d.r.c.RepositoryConfigurationDelegate : Finished Spring Data repository scanning in 53 ms. Found 3 JPA repository interfaces.
2025-11-03T10:58:02.091+09:00  INFO 25104 --- [pyeonhang] [    Test worker] o.hibernate.jpa.internal.util.LogHelper  : HHH000204: Processing PersistenceUnitInfo [name: default]
2025-11-03T10:58:02.170+09:00  INFO 25104 --- [pyeonhang] [    Test worker] org.hibernate.Version                    : HHH000412: Hibernate ORM core version 6.6.33.Final
2025-11-03T10:58:02.209+09:00  INFO 25104 --- [pyeonhang] [    Test worker] o.h.c.internal.RegionFactoryInitiator    : HHH000026: Second-level cache disabled
2025-11-03T10:58:02.486+09:00  INFO 25104 --- [pyeonhang] [    Test worker] o.s.o.j.p.SpringPersistenceUnitInfo      : No LoadTimeWeaver setup: ignoring JPA class transformer
2025-11-03T10:58:02.509+09:00  INFO 25104 --- [pyeonhang] [    Test worker] com.zaxxer.hikari.HikariDataSource       : HikariPool-1 - Starting...
2025-11-03T10:58:02.579+09:00  INFO 25104 --- [pyeonhang] [    Test worker] com.zaxxer.hikari.pool.HikariPool        : HikariPool-1 - Added connection org.mariadb.jdbc.Connection@250e8712
2025-11-03T10:58:02.580+09:00  INFO 25104 --- [pyeonhang] [    Test worker] com.zaxxer.hikari.HikariDataSource       : HikariPool-1 - Start completed.
2025-11-03T10:58:02.601+09:00  WARN 25104 --- [pyeonhang] [    Test worker] org.hibernate.orm.deprecation            : HHH90000025: MariaDBDialect does not need to be specified explicitly using 'hibernate.dialect' (remove the property setting and it will be selected by default)
2025-11-03T10:58:02.618+09:00  INFO 25104 --- [pyeonhang] [    Test worker] org.hibernate.orm.connections.pooling    : HHH10001005: Database info:
	Database JDBC URL [Connecting through datasource 'p6SpyDataSourceDecorator [com.p6spy.engine.spy.P6DataSource] -> dataSource [com.zaxxer.hikari.HikariDataSource]']
	Database driver: undefined/unknown
	Database version: 11.8.2
	Autocommit mode: undefined/unknown
	Isolation level: undefined/unknown
	Minimum pool size: undefined/unknown
	Maximum pool size: undefined/unknown
2025-11-03T10:58:02.628+09:00 DEBUG 25104 --- [pyeonhang] [    Test worker] o.h.t.d.sql.spi.DdlTypeRegistry          : addDescriptor(12, org.hibernate.type.descriptor.sql.internal.CapacityDependentDdlType@6065bcb7) replaced previous registration(org.hibernate.type.descriptor.sql.internal.CapacityDependentDdlType@1ee6434)
2025-11-03T10:58:02.628+09:00 DEBUG 25104 --- [pyeonhang] [    Test worker] o.h.t.d.sql.spi.DdlTypeRegistry          : addDescriptor(-9, org.hibernate.type.descriptor.sql.internal.CapacityDependentDdlType@71d78cac) replaced previous registration(org.hibernate.type.descriptor.sql.internal.CapacityDependentDdlType@550f522b)
2025-11-03T10:58:02.628+09:00 DEBUG 25104 --- [pyeonhang] [    Test worker] o.h.t.d.sql.spi.DdlTypeRegistry          : addDescriptor(-3, org.hibernate.type.descriptor.sql.internal.CapacityDependentDdlType@1842dc39) replaced previous registration(org.hibernate.type.descriptor.sql.internal.CapacityDependentDdlType@6a7fc4c1)
2025-11-03T10:58:02.628+09:00 DEBUG 25104 --- [pyeonhang] [    Test worker] o.h.t.d.sql.spi.DdlTypeRegistry          : addDescriptor(4003, org.hibernate.type.descriptor.sql.internal.DdlTypeImpl@270097ce) replaced previous registration(org.hibernate.type.descriptor.sql.internal.DdlTypeImpl@8b1170f)
2025-11-03T10:58:02.629+09:00 DEBUG 25104 --- [pyeonhang] [    Test worker] o.h.t.d.sql.spi.DdlTypeRegistry          : addDescriptor(4001, org.hibernate.type.descriptor.sql.internal.DdlTypeImpl@69cb134) replaced previous registration(org.hibernate.type.descriptor.sql.internal.DdlTypeImpl@125124ea)
2025-11-03T10:58:02.629+09:00 DEBUG 25104 --- [pyeonhang] [    Test worker] o.h.t.d.sql.spi.DdlTypeRegistry          : addDescriptor(4002, org.hibernate.type.descriptor.sql.internal.DdlTypeImpl@314c6f89) replaced previous registration(org.hibernate.type.descriptor.sql.internal.DdlTypeImpl@31450fc0)
2025-11-03T10:58:02.629+09:00 DEBUG 25104 --- [pyeonhang] [    Test worker] o.h.t.d.sql.spi.DdlTypeRegistry          : addDescriptor(2004, org.hibernate.type.descriptor.sql.internal.CapacityDependentDdlType@52b30dcd) replaced previous registration(org.hibernate.type.descriptor.sql.internal.DdlTypeImpl@49de1505)
2025-11-03T10:58:02.629+09:00 DEBUG 25104 --- [pyeonhang] [    Test worker] o.h.t.d.sql.spi.DdlTypeRegistry          : addDescriptor(2005, org.hibernate.type.descriptor.sql.internal.CapacityDependentDdlType@1bbc1b90) replaced previous registration(org.hibernate.type.descriptor.sql.internal.DdlTypeImpl@29e3c28)
2025-11-03T10:58:02.629+09:00 DEBUG 25104 --- [pyeonhang] [    Test worker] o.h.t.d.sql.spi.DdlTypeRegistry          : addDescriptor(2011, org.hibernate.type.descriptor.sql.internal.CapacityDependentDdlType@480994d3) replaced previous registration(org.hibernate.type.descriptor.sql.internal.DdlTypeImpl@7146c6ea)
2025-11-03T10:58:03.401+09:00  INFO 25104 --- [pyeonhang] [    Test worker] o.h.e.t.j.p.i.JtaPlatformInitiator       : HHH000489: No JTA platform available (set 'hibernate.transaction.jta.platform' to enable JTA platform integration)
2025-11-03T10:58:03.423+09:00  INFO 25104 --- [pyeonhang] [    Test worker] p6spy                                    : 2025-11-03 10:58:03 | OperationTime : 2ms | 
(P6Spy sql,Hibernate format):

    select
        table_name 
    from
        information_schema.TABLES 
    where
        table_schema=database() 
        and table_type='SEQUENCE'
2025-11-03T10:58:03.433+09:00  INFO 25104 --- [pyeonhang] [    Test worker] j.LocalContainerEntityManagerFactoryBean : Initialized JPA EntityManagerFactory for persistence unit 'default'
2025-11-03T10:58:03.766+09:00  INFO 25104 --- [pyeonhang] [    Test worker] o.s.d.j.r.query.QueryEnhancerFactory     : Hibernate is in classpath; If applicable, HQL parser will be used.
2025-11-03T10:58:04.947+09:00  WARN 25104 --- [pyeonhang] [    Test worker] o.s.w.s.resource.ResourceHandlerUtils    : Appended trailing slash to static resource location: file:null\
2025-11-03T10:58:04.976+09:00  INFO 25104 --- [pyeonhang] [    Test worker] eAuthenticationProviderManagerConfigurer : Global AuthenticationManager configured with AuthenticationProvider bean with name authProvider
2025-11-03T10:58:04.978+09:00  WARN 25104 --- [pyeonhang] [    Test worker] r$InitializeUserDetailsManagerConfigurer : Global AuthenticationManager configured with an AuthenticationProvider bean. UserDetailsService beans will not be used by Spring Security for automatically configuring username/password login. Consider removing the AuthenticationProvider bean. Alternatively, consider using the UserDetailsService in a manually instantiated DaoAuthenticationProvider. If the current configuration is intentional, to turn off this warning, increase the logging level of 'org.springframework.security.config.annotation.authentication.configuration.InitializeUserDetailsBeanManagerConfigurer' to ERROR
2025-11-03T10:58:05.148+09:00  WARN 25104 --- [pyeonhang] [    Test worker] o.s.s.c.a.web.builders.WebSecurity       : You are asking Spring Security to ignore Deferred [Mvc [pattern='/static/imgs/**'], Ant [pattern='/static/imgs/**']]. This is not recommended -- please use permitAll via HttpSecurity#authorizeHttpRequests instead.
2025-11-03T10:58:05.149+09:00  WARN 25104 --- [pyeonhang] [    Test worker] o.s.s.c.a.web.builders.WebSecurity       : You are asking Spring Security to ignore org.springframework.boot.autoconfigure.security.servlet.StaticResourceRequest$StaticResourceRequestMatcher@31b273b2. This is not recommended -- please use permitAll via HttpSecurity#authorizeHttpRequests instead.
2025-11-03T10:58:05.149+09:00  WARN 25104 --- [pyeonhang] [    Test worker] o.s.s.c.a.web.builders.WebSecurity       : You are asking Spring Security to ignore Deferred [Mvc [pattern='/webjars/**'], Ant [pattern='/webjars/**']]. This is not recommended -- please use permitAll via HttpSecurity#authorizeHttpRequests instead.
2025-11-03T10:58:05.618+09:00  INFO 25104 --- [pyeonhang] [    Test worker] .w.s.a.s.AnnotationActionEndpointMapping : Supporting [WS-Addressing August 2004, WS-Addressing 1.0]
2025-11-03T10:58:05.647+09:00  INFO 25104 --- [pyeonhang] [    Test worker] p.pyeonhang.PyeonhangApplicationTests    : Started PyeonhangApplicationTests in 5.739 seconds (process running for 6.904)
]]></system-out>
  <system-err><![CDATA[Mockito is currently self-attaching to enable the inline-mock-maker. This will no longer work in future releases of the JDK. Please add Mockito as an agent to your build as described in Mockito's documentation: https://javadoc.io/doc/org.mockito/mockito-core/latest/org.mockito/org/mockito/Mockito.html#0.3
WARNING: A Java agent has been loaded dynamically (C:\Users\user01\.gradle\caches\modules-2\files-2.1\net.bytebuddy\byte-buddy-agent\1.17.8\f09415827a71be7ed621c7bd02550678f28bc81c\byte-buddy-agent-1.17.8.jar)
WARNING: If a serviceability tool is in use, please run with -XX:+EnableDynamicAgentLoading to hide this warning
WARNING: If a serviceability tool is not in use, please run with -Djdk.instrument.traceUsage for more information
WARNING: Dynamic loading of agents will be disallowed by default in a future release
]]></system-err>
</testsuite>
